\BOOKMARK [0][]{chapter.1}{\376\377\173\054\116\000\172\340\000\040\000\040\176\352\213\272}{}% 1
\BOOKMARK [1][]{section.1.1}{\376\377\0001\000.\0001\000\040\122\006\136\003\137\017\133\130\120\250\174\373\176\337\151\202\217\360}{chapter.1}% 2
\BOOKMARK [1][]{section.1.2}{\376\377\0001\000.\0002\000\040\145\160\143\156\133\271\225\031\142\200\147\057\151\202\217\360}{chapter.1}% 3
\BOOKMARK [2][]{subsection.1.2.1}{\376\377\0001\000.\0002\000.\0001\000\040\176\323\147\204\133\271\225\031\147\072\122\066}{section.1.2}% 4
\BOOKMARK [2][]{subsection.1.2.2}{\376\377\0001\000.\0002\000.\0002\000\040\145\160\143\156\133\271\225\031\147\072\122\066}{section.1.2}% 5
\BOOKMARK [1][]{section.1.3}{\376\377\0001\000.\0003\000\040\176\240\122\040\170\001\151\202\217\360}{chapter.1}% 6
\BOOKMARK [2][]{subsection.1.3.1}{\376\377\0001\000.\0003\000.\0001\000\040\000R\000e\000e\000d\000-\000S\000o\000l\000o\000m\000o\000n\170\001}{section.1.3}% 7
\BOOKMARK [2][]{subsection.1.3.2}{\376\377\0001\000.\0003\000.\0002\000\040\127\372\116\216\226\065\122\027\176\323\147\204\166\204\176\240\122\040\170\001}{section.1.3}% 8
\BOOKMARK [2][]{subsection.1.3.3}{\376\377\0001\000.\0003\000.\0003\000\040\127\372\116\216\177\121\176\334\177\026\170\001\166\204\176\240\122\040\170\001}{section.1.3}% 9
\BOOKMARK [2][]{subsection.1.3.4}{\376\377\0001\000.\0003\000.\0004\000\040\127\372\116\216\122\006\176\304\176\323\147\204\166\204\176\240\122\040\170\001}{section.1.3}% 10
\BOOKMARK [1][]{section.1.4}{\376\377\0001\000.\0004\000\040\127\372\116\216\176\240\122\040\170\001\166\204\145\160\143\156\117\356\131\015\142\200\147\057}{chapter.1}% 11
\BOOKMARK [2][]{subsection.1.4.1}{\376\377\0001\000.\0004\000.\0001\000\040\127\372\116\216\146\037\127\213\142\323\142\121\166\204\145\160\143\156\117\356\131\015}{section.1.4}% 12
\BOOKMARK [2][]{subsection.1.4.2}{\376\377\0001\000.\0004\000.\0002\000\040\127\372\116\216\150\021\127\213\117\356\131\015\142\323\142\121\166\204\145\160\143\156\117\356\131\015}{section.1.4}% 13
\BOOKMARK [2][]{subsection.1.4.3}{\376\377\0001\000.\0004\000.\0003\000\040\127\372\116\216\000X\000O\000R\166\204\176\240\122\040\170\001\145\160\143\156\117\356\131\015}{section.1.4}% 14
\BOOKMARK [1][]{section.1.5}{\376\377\0001\000.\0005\000\040\213\272\145\207\116\073\211\201\170\024\172\166\121\205\133\271}{chapter.1}% 15
\BOOKMARK [1][]{section.1.6}{\376\377\0001\000.\0006\000\040\213\272\145\207\176\304\176\307\176\323\147\204}{chapter.1}% 16
\BOOKMARK [0][]{chapter.2}{\376\377\173\054\116\214\172\340\000\040\000\040\166\370\121\163\170\024\172\166}{}% 17
\BOOKMARK [1][]{section.2.1}{\376\377\0002\000.\0001\000\040\127\372\116\216\177\026\170\001\176\323\147\204\117\030\123\026\166\204\145\160\143\156\117\356\131\015\142\200\147\057}{chapter.2}% 18
\BOOKMARK [1][]{section.2.2}{\376\377\0002\000.\0002\000\040\127\372\116\216\214\003\136\246\117\030\123\026\166\204\145\160\143\156\117\356\131\015\142\200\147\057}{chapter.2}% 19
\BOOKMARK [1][]{section.2.3}{\376\377\0002\000.\0003\000\040\127\372\116\216\136\046\133\275\117\030\123\026\166\204\145\160\143\156\117\356\131\015\142\200\147\057}{chapter.2}% 20
\BOOKMARK [1][]{section.2.4}{\376\377\0002\000.\0004\000\040\127\372\116\216\155\367\124\010\176\240\122\040\170\001\166\204\145\160\143\156\117\356\131\015\142\200\147\057}{chapter.2}% 21
\BOOKMARK [1][]{section.2.5}{\376\377\0002\000.\0005\000\040\127\372\116\216\230\204\121\110\117\356\131\015\166\204\145\160\143\156\117\356\131\015\142\200\147\057}{chapter.2}% 22
\BOOKMARK [1][]{section.2.6}{\376\377\0002\000.\0006\000\040\147\054\172\340\134\017\176\323}{chapter.2}% 23
\BOOKMARK [0][]{chapter.3}{\376\377\173\054\116\011\172\340\000\040\000\040\127\372\116\216\230\204\121\110\221\315\136\372\217\301\171\373\166\204\145\160\143\156\117\356\131\015\142\200\147\057\170\024\172\166}{}% 24
\BOOKMARK [1][]{section.3.1}{\376\377\0003\000.\0001\000\040\137\025\212\000}{chapter.3}% 25
\BOOKMARK [1][]{section.3.2}{\376\377\0003\000.\0002\000\040\230\204\121\110\117\356\131\015\225\356\230\230\136\372\152\041}{chapter.3}% 26
\BOOKMARK [2][]{subsection.3.2.1}{\376\377\0003\000.\0002\000.\0001\000\040\225\356\230\230\143\317\217\360}{section.3.2}% 27
\BOOKMARK [2][]{subsection.3.2.2}{\376\377\0003\000.\0002\000.\0002\000\040\152\041\127\213\120\107\213\276}{section.3.2}% 28
\BOOKMARK [2][]{subsection.3.2.3}{\376\377\0003\000.\0002\000.\0003\000\040\164\006\213\272\117\356\131\015\145\366\225\364}{section.3.2}% 29
\BOOKMARK [2][]{subsection.3.2.4}{\376\377\0003\000.\0002\000.\0004\000\040\217\301\171\373\116\016\221\315\136\372\145\366\225\364\136\372\152\041}{section.3.2}% 30
\BOOKMARK [1][]{section.3.3}{\376\377\0003\000.\0003\000\040\230\204\121\110\117\356\131\015\226\306\124\010\122\022\122\006\173\227\154\325}{chapter.3}% 31
\BOOKMARK [1][]{section.3.4}{\376\377\0003\000.\0004\000\040\230\204\121\110\117\356\131\015\214\003\136\246\173\227\154\325}{chapter.3}% 32
\BOOKMARK [1][]{section.3.5}{\376\377\0003\000.\0005\000\040\133\236\232\214\176\323\147\234\116\016\122\006\147\220}{chapter.3}% 33
\BOOKMARK [2][]{subsection.3.5.1}{\376\377\0003\000.\0005\000.\0001\000\040\133\236\232\214\163\257\130\203}{section.3.5}% 34
\BOOKMARK [2][]{subsection.3.5.2}{\376\377\0003\000.\0005\000.\0002\000\040\117\356\131\015\116\016\214\003\136\246\133\236\232\214}{section.3.5}% 35
\BOOKMARK [2][]{subsection.3.5.3}{\376\377\0003\000.\0005\000.\0003\000\040\147\141\136\046\145\160\124\214\127\127\131\047\134\017\166\204\137\161\124\315}{section.3.5}% 36
\BOOKMARK [2][]{subsection.3.5.4}{\376\377\0003\000.\0005\000.\0004\000\040\172\172\225\362\202\202\160\271\145\160\166\204\137\161\124\315}{section.3.5}% 37
\BOOKMARK [2][]{subsection.3.5.5}{\376\377\0003\000.\0005\000.\0005\000\040\136\046\133\275\123\330\123\026\137\161\124\315}{section.3.5}% 38
\BOOKMARK [1][]{section.3.6}{\376\377\0003\000.\0006\000\040\147\054\172\340\134\017\176\323}{chapter.3}% 39
\BOOKMARK [0][]{chapter.4}{\376\377\173\054\126\333\172\340\000\040\000\040\127\372\116\216\155\367\124\010\176\240\122\040\170\001\166\204\145\160\143\156\117\356\131\015\142\200\147\057\170\024\172\166}{}% 40
\BOOKMARK [1][]{section.4.1}{\376\377\0004\000.\0001\000\040\137\025\212\000}{chapter.4}% 41
\BOOKMARK [1][]{section.4.2}{\376\377\0004\000.\0002\000\040\177\026\170\001\173\126\165\145\220\011\142\351}{chapter.4}% 42
\BOOKMARK [2][]{subsection.4.2.1}{\376\377\0004\000.\0002\000.\0001\000\040\134\100\220\350\117\356\131\015\170\001\377\010\000L\000R\000C\377\011}{section.4.2}% 43
\BOOKMARK [2][]{subsection.4.2.2}{\376\377\0004\000.\0002\000.\0002\000\040\000H\000i\000t\000c\000h\000h\000i\000k\000e\000r\377\010\000H\000H\377\011\170\001}{section.4.2}% 44
\BOOKMARK [1][]{section.4.3}{\376\377\0004\000.\0003\000\040\215\037\217\175\201\352\220\002\136\224\173\126\165\145}{chapter.4}% 45
\BOOKMARK [2][]{subsection.4.3.1}{\376\377\0004\000.\0003\000.\0001\000\040\177\026\170\001\122\006\221\115\211\304\122\031}{section.4.3}% 46
\BOOKMARK [2][]{subsection.4.3.2}{\376\377\0004\000.\0003\000.\0002\000\040\201\352\220\002\136\224\220\011\142\351\173\227\154\325}{section.4.3}% 47
\BOOKMARK [1][]{section.4.4}{\376\377\0004\000.\0004\000\040\177\026\170\001\122\007\143\142\173\227\154\325}{chapter.4}% 48
\BOOKMARK [1][]{section.4.5}{\376\377\0004\000.\0005\000\040\133\236\232\214\176\323\147\234\116\016\122\006\147\220}{chapter.4}% 49
\BOOKMARK [2][]{subsection.4.5.1}{\376\377\0004\000.\0005\000.\0001\000\040\133\236\232\214\123\302\145\160\116\016\145\160\143\156\226\306}{section.4.5}% 50
\BOOKMARK [2][]{subsection.4.5.2}{\376\377\0004\000.\0005\000.\0002\000\040\213\373\121\231\215\037\217\175\140\047\200\375\133\236\232\214\176\323\147\234}{section.4.5}% 51
\BOOKMARK [2][]{subsection.4.5.3}{\376\377\0004\000.\0005\000.\0003\000\040\117\356\131\015\215\037\217\175\140\047\200\375\176\323\147\234}{section.4.5}% 52
\BOOKMARK [2][]{subsection.4.5.4}{\376\377\0004\000.\0005\000.\0004\000\040\145\164\117\123\215\037\217\175\140\047\200\375\133\236\232\214\176\323\147\234}{section.4.5}% 53
\BOOKMARK [2][]{subsection.4.5.5}{\376\377\0004\000.\0005\000.\0005\000\040\116\064\165\114\153\324\133\236\232\214\176\323\147\234}{section.4.5}% 54
\BOOKMARK [1][]{section.4.6}{\376\377\0004\000.\0006\000\040\147\054\172\340\134\017\176\323}{chapter.4}% 55
\BOOKMARK [0][]{chapter.5}{\376\377\173\054\116\224\172\340\000\040\000\040\127\372\116\216\155\367\124\010\176\240\122\040\170\001\166\204\133\271\225\031\133\130\120\250\123\237\127\213\174\373\176\337\213\276\213\241\116\016\133\236\163\260}{}% 56
\BOOKMARK [1][]{section.5.1}{\376\377\0005\000.\0001\000\040\174\373\176\337\213\276\213\241}{chapter.5}% 57
\BOOKMARK [2][]{subsection.5.1.1}{\376\377\0005\000.\0001\000.\0001\000\040\133\130\120\250\116\055\137\303\147\266\147\204}{section.5.1}% 58
\BOOKMARK [2][]{subsection.5.1.2}{\376\377\0005\000.\0001\000.\0002\000\040\145\105\226\234\152\041\137\017\136\372\152\041}{section.5.1}% 59
\BOOKMARK [2][]{subsection.5.1.3}{\376\377\0005\000.\0001\000.\0003\000\040\176\240\122\040\170\001\155\367\124\010\173\126\165\145}{section.5.1}% 60
\BOOKMARK [2][]{subsection.5.1.4}{\376\377\0005\000.\0001\000.\0004\000\040\176\240\122\040\170\001\143\245\123\343}{section.5.1}% 61
\BOOKMARK [2][]{subsection.5.1.5}{\376\377\0005\000.\0001\000.\0005\000\040\123\357\227\140\140\047\122\006\147\220\143\007\150\007}{section.5.1}% 62
\BOOKMARK [2][]{subsection.5.1.6}{\376\377\0005\000.\0001\000.\0006\000\040\116\213\116\366\131\004\164\006}{section.5.1}% 63
\BOOKMARK [1][]{section.5.2}{\376\377\0005\000.\0002\000\040\133\236\232\214\176\323\147\234\116\016\122\006\147\220}{chapter.5}% 64
\BOOKMARK [2][]{subsection.5.2.1}{\376\377\0005\000.\0002\000.\0001\000\040\133\236\232\214\213\276\177\156}{section.5.2}% 65
\BOOKMARK [2][]{subsection.5.2.2}{\376\377\0005\000.\0002\000.\0002\000\040\000P\000D\000L\123\302\145\160\133\236\232\214\176\323\147\234}{section.5.2}% 66
\BOOKMARK [2][]{subsection.5.2.3}{\376\377\0005\000.\0002\000.\0003\000\040\000N\000O\000M\000D\000L\123\302\145\160\133\236\232\214\176\323\147\234}{section.5.2}% 67
\BOOKMARK [2][]{subsection.5.2.4}{\376\377\0005\000.\0002\000.\0004\000\040\000B\000R\123\302\145\160\133\236\232\214\176\323\147\234}{section.5.2}% 68
\BOOKMARK [1][]{section.5.3}{\376\377\0005\000.\0003\000\040\147\054\172\340\134\017\176\323}{chapter.5}% 69
\BOOKMARK [0][]{chapter.6}{\376\377\173\054\121\155\172\340\000\040\000\040\140\073\176\323\116\016\134\125\147\033}{}% 70
\BOOKMARK [1][]{section.6.1}{\376\377\0006\000.\0001\000\040\213\272\145\207\135\345\117\134\140\073\176\323}{chapter.6}% 71
\BOOKMARK [1][]{section.6.2}{\376\377\0006\000.\0002\000\040\147\052\147\145\135\345\117\134\134\125\147\033}{chapter.6}% 72
\BOOKMARK [0][]{section*.52}{\376\377\123\302\200\003\145\207\163\056}{}% 73
\BOOKMARK [0][]{chapter*.54}{\376\377\145\073\213\373\133\146\117\115\147\037\225\364\166\204\142\020\147\234}{}% 74
\BOOKMARK [0][]{chapter*.55}{\376\377\145\073\213\373\133\146\117\115\147\037\225\364\166\204\116\073\211\201\171\321\170\024\135\345\117\134}{}% 75
\BOOKMARK [0][]{chapter*.56}{\376\377\201\364\214\042}{}% 76
